2024-12-15 08:47:26,979 - INFO - Scraping started.
2024-12-15 08:47:58,990 - ERROR - Critical error occurred: Message: 
Stacktrace:
	GetHandleVerifier [0x00007FF65C8A6CC5+28821]
	(No symbol) [0x00007FF65C813850]
	(No symbol) [0x00007FF65C6B578A]
	(No symbol) [0x00007FF65C7091BE]
	(No symbol) [0x00007FF65C7094AC]
	(No symbol) [0x00007FF65C752647]
	(No symbol) [0x00007FF65C72F33F]
	(No symbol) [0x00007FF65C74F412]
	(No symbol) [0x00007FF65C72F0A3]
	(No symbol) [0x00007FF65C6FA778]
	(No symbol) [0x00007FF65C6FB8E1]
	GetHandleVerifier [0x00007FF65CBDFCCD+3408029]
	GetHandleVerifier [0x00007FF65CBF743F+3504143]
	GetHandleVerifier [0x00007FF65CBEB61D+3455469]
	GetHandleVerifier [0x00007FF65C96BDCB+835995]
	(No symbol) [0x00007FF65C81EB6F]
	(No symbol) [0x00007FF65C81A824]
	(No symbol) [0x00007FF65C81A9BD]
	(No symbol) [0x00007FF65C80A1A9]
	BaseThreadInitThunk [0x00007FFB2D77E8D7+23]
	RtlUserThreadStart [0x00007FFB2DDBFBCC+44]

2024-12-15 08:48:45,262 - INFO - Scraping started.
2024-12-15 08:49:13,647 - ERROR - Critical error occurred: Message: 
Stacktrace:
	GetHandleVerifier [0x00007FF65C8A6CC5+28821]
	(No symbol) [0x00007FF65C813850]
	(No symbol) [0x00007FF65C6B578A]
	(No symbol) [0x00007FF65C7091BE]
	(No symbol) [0x00007FF65C7094AC]
	(No symbol) [0x00007FF65C752647]
	(No symbol) [0x00007FF65C72F33F]
	(No symbol) [0x00007FF65C74F412]
	(No symbol) [0x00007FF65C72F0A3]
	(No symbol) [0x00007FF65C6FA778]
	(No symbol) [0x00007FF65C6FB8E1]
	GetHandleVerifier [0x00007FF65CBDFCCD+3408029]
	GetHandleVerifier [0x00007FF65CBF743F+3504143]
	GetHandleVerifier [0x00007FF65CBEB61D+3455469]
	GetHandleVerifier [0x00007FF65C96BDCB+835995]
	(No symbol) [0x00007FF65C81EB6F]
	(No symbol) [0x00007FF65C81A824]
	(No symbol) [0x00007FF65C81A9BD]
	(No symbol) [0x00007FF65C80A1A9]
	BaseThreadInitThunk [0x00007FFB2D77E8D7+23]
	RtlUserThreadStart [0x00007FFB2DDBFBCC+44]

2024-12-15 08:52:33,842 - INFO - Scraping started.
2024-12-15 08:53:01,801 - ERROR - Critical error occurred: Message: 
Stacktrace:
	GetHandleVerifier [0x00007FF65C8A6CC5+28821]
	(No symbol) [0x00007FF65C813850]
	(No symbol) [0x00007FF65C6B578A]
	(No symbol) [0x00007FF65C7091BE]
	(No symbol) [0x00007FF65C7094AC]
	(No symbol) [0x00007FF65C752647]
	(No symbol) [0x00007FF65C72F33F]
	(No symbol) [0x00007FF65C74F412]
	(No symbol) [0x00007FF65C72F0A3]
	(No symbol) [0x00007FF65C6FA778]
	(No symbol) [0x00007FF65C6FB8E1]
	GetHandleVerifier [0x00007FF65CBDFCCD+3408029]
	GetHandleVerifier [0x00007FF65CBF743F+3504143]
	GetHandleVerifier [0x00007FF65CBEB61D+3455469]
	GetHandleVerifier [0x00007FF65C96BDCB+835995]
	(No symbol) [0x00007FF65C81EB6F]
	(No symbol) [0x00007FF65C81A824]
	(No symbol) [0x00007FF65C81A9BD]
	(No symbol) [0x00007FF65C80A1A9]
	BaseThreadInitThunk [0x00007FFB2D77E8D7+23]
	RtlUserThreadStart [0x00007FFB2DDBFBCC+44]

